<?xml version="1.0" encoding="UTF-8"?>
<!-- Generated by org.testng.reporters.JUnitXMLReporter -->
<testsuite hostname="yogeshs-MacBook-Pro.local" ignored="0" name="Go-Jek Assignment Execution Suite Test" tests="7" failures="1" timestamp="20 Jun 2019 09:23:07 GMT" time="293.258" errors="0">
  <testcase name="driverInitalization" time="3.293" classname="TestExecutionSuite.BasicFunctionalExecutionSuite"/>
  <testcase name="openUrl" time="3.957" classname="TestExecutionSuite.BasicFunctionalExecutionSuite"/>
  <testcase name="loginPage" time="5.654" classname="TestExecutionSuite.BasicFunctionalExecutionSuite"/>
  <testcase name="addHeadphoneToCart" time="18.872" classname="TestExecutionSuite.BasicFunctionalExecutionSuite"/>
  <testcase name="AddTwoLaptops" time="13.527" classname="TestExecutionSuite.BasicFunctionalExecutionSuite"/>
  <testcase name="removeheadphonefromcart" time="243.966" classname="TestExecutionSuite.BasicFunctionalExecutionSuite">
    <failure type="org.openqa.selenium.TimeoutException" message="Expected condition failed: waiting for element to be clickable: Proxy element for: DefaultElementLocator &amp;apos;By.xpath: //*[@id=&amp;quot;search&amp;quot;]/div[1]/div[2]/div/span[3]/div[1]/div[2]/div/div/div/div[2]/div[1]/div/div/span/a/div/img&amp;apos; (tried for 100 second(s) with 500 milliseconds interval)">
      <![CDATA[org.openqa.selenium.TimeoutException: Expected condition failed: waiting for element to be clickable: Proxy element for: DefaultElementLocator 'By.xpath: //*[@id="search"]/div[1]/div[2]/div/span[3]/div[1]/div[2]/div/div/div/div[2]/div[1]/div/div/span/a/div/img' (tried for 100 second(s) with 500 milliseconds interval)
	at org.openqa.selenium.support.ui.WebDriverWait.timeoutException(WebDriverWait.java:95)
	at org.openqa.selenium.support.ui.FluentWait.until(FluentWait.java:272)
	at commonMethods.CommMeths.elementExplicitWait(CommMeths.java:45)
	at POM.RemoveHeadphonefromCart.DeleteItemFromCart(RemoveHeadphonefromCart.java:47)
	at TestCases.CommonTestCases.removeHeadphoneFromCart(CommonTestCases.java:75)
	at TestExecutionSuite.BasicFunctionalExecutionSuite.removeheadphonefromcart(BasicFunctionalExecutionSuite.java:72)
Caused by: org.openqa.selenium.NoSuchElementException: Unable to locate element: //*[@id="search"]/div[1]/div[2]/div/span[3]/div[1]/div[2]/div/div/div/div[2]/div[1]/div/div/span/a/div/img
For documentation on this error, please visit: https://www.seleniumhq.org/exceptions/no_such_element.html
Build info: version: '3.141.59', revision: 'e82be7d358', time: '2018-11-14T08:17:03'
System info: host: 'yogeshs-MacBook-Pro.local', ip: 'fe80:0:0:0:18cd:d112:616f:cd81%en0', os.name: 'Mac OS X', os.arch: 'x86_64', os.version: '10.14.5', java.version: '1.8.0_212'
Driver info: org.openqa.selenium.firefox.FirefoxDriver
Capabilities {acceptInsecureCerts: true, browserName: firefox, browserVersion: 67.0.2, javascriptEnabled: true, moz:accessibilityChecks: false, moz:buildID: 20190607204818, moz:geckodriverVersion: 0.24.0, moz:headless: false, moz:processID: 40395, moz:profile: /var/folders/nt/gfhgmqy52p5..., moz:shutdownTimeout: 60000, moz:useNonSpecCompliantPointerOrigin: false, moz:webdriverClick: true, pageLoadStrategy: normal, platform: MAC, platformName: MAC, platformVersion: 18.6.0, rotatable: false, setWindowRect: true, strictFileInteractability: false, timeouts: {implicit: 0, pageLoad: 300000, script: 30000}, unhandledPromptBehavior: dismiss and notify}
Session ID: 0885bec3-240f-ca4e-9396-05d124f463ae
*** Element info: {Using=xpath, value=//*[@id="search"]/div[1]/div[2]/div/span[3]/div[1]/div[2]/div/div/div/div[2]/div[1]/div/div/span/a/div/img}
	at org.openqa.selenium.remote.http.W3CHttpResponseCodec.createException(W3CHttpResponseCodec.java:187)
	at org.openqa.selenium.remote.http.W3CHttpResponseCodec.decode(W3CHttpResponseCodec.java:122)
	at org.openqa.selenium.remote.http.W3CHttpResponseCodec.decode(W3CHttpResponseCodec.java:49)
	at org.openqa.selenium.remote.HttpCommandExecutor.execute(HttpCommandExecutor.java:158)
	at org.openqa.selenium.remote.service.DriverCommandExecutor.execute(DriverCommandExecutor.java:83)
	at org.openqa.selenium.remote.RemoteWebDriver.execute(RemoteWebDriver.java:552)
	at org.openqa.selenium.remote.RemoteWebDriver.findElement(RemoteWebDriver.java:323)
	at org.openqa.selenium.remote.RemoteWebDriver.findElementByXPath(RemoteWebDriver.java:428)
	at org.openqa.selenium.By$ByXPath.findElement(By.java:353)
	at org.openqa.selenium.remote.RemoteWebDriver.findElement(RemoteWebDriver.java:315)
	at org.openqa.selenium.support.pagefactory.DefaultElementLocator.findElement(DefaultElementLocator.java:69)
	at org.openqa.selenium.support.pagefactory.internal.LocatingElementHandler.invoke(LocatingElementHandler.java:38)
	at com.sun.proxy.$Proxy11.isDisplayed(Unknown Source)
	at org.openqa.selenium.support.ui.ExpectedConditions.elementIfVisible(ExpectedConditions.java:314)
	at org.openqa.selenium.support.ui.ExpectedConditions.access$000(ExpectedConditions.java:43)
	at org.openqa.selenium.support.ui.ExpectedConditions$10.apply(ExpectedConditions.java:300)
	at org.openqa.selenium.support.ui.ExpectedConditions$10.apply(ExpectedConditions.java:297)
	at org.openqa.selenium.support.ui.ExpectedConditions$23.apply(ExpectedConditions.java:670)
	at org.openqa.selenium.support.ui.ExpectedConditions$23.apply(ExpectedConditions.java:666)
	at org.openqa.selenium.support.ui.FluentWait.until(FluentWait.java:249)
	... 32 more
... Removed 32 stack frames]]>
    </failure>
  </testcase> <!-- removeheadphonefromcart -->
  <testcase name="proceedToCheckout" time="3.51" classname="TestExecutionSuite.BasicFunctionalExecutionSuite"/>
</testsuite> <!-- Go-Jek Assignment Execution Suite Test -->
